<?xml version="1.0" encoding="UTF-8"?>
<!-- Generated by org.testng.reporters.JUnitXMLReporter -->
<testsuite hostname="Nisrin-Kapasi’s-MacBook-Pro" ignored="0" name="Test" tests="3" failures="0" timestamp="2021-02-15T22:01:48 EST" time="77.824" errors="0">
  <testcase name="totalValidation" time="32.495" classname="practice.AppiumFramework.ecommerce_app_tc2"/>
  <testcase name="apiDemo" time="22.746" classname="practice.AppiumFramework.APIDemo"/>
  <testcase name="apiDemo" time="22.546" classname="practice.AppiumFramework.APIDemo"/>
</testsuite> <!-- Test -->
