<?xml version="1.0" encoding="UTF-8"?>
<testsuite xmlns:xsi="http://www.w3.org/2001/XMLSchema-instance" xsi:noNamespaceSchemaLocation="https://maven.apache.org/surefire/maven-surefire-plugin/xsd/surefire-test-report-3.0.xsd" version="3.0" name="TestSuite" time="78.292" tests="3" errors="0" skipped="0" failures="0">
  <properties>
[...]
</properties>
  <testcase name="totalValidation" classname="practice.AppiumFramework.ecommerce_app_tc2" time="32.496">
    <system-out><![CDATA[select country please
Sum of items160.97
Total Value270.97
]]></system-out>
    <system-err><![CDATA[Feb 15, 2021 10:00:45 PM io.appium.java_client.remote.AppiumCommandExecutor$1 lambda$0
INFO: Detected dialect: W3C
]]></system-err>
  </testcase>
  <testcase name="apiDemo[hello](1)" classname="practice.AppiumFramework.APIDemo" time="22.747">
    <system-err><![CDATA[Feb 15, 2021 10:01:19 PM io.appium.java_client.remote.AppiumCommandExecutor$1 lambda$0
INFO: Detected dialect: W3C
]]></system-err>
  </testcase>
  <testcase name="apiDemo[&amp;^*^](2)" classname="practice.AppiumFramework.APIDemo" time="22.547">
    <system-err><![CDATA[Feb 15, 2021 10:01:42 PM io.appium.java_client.remote.AppiumCommandExecutor$1 lambda$0
INFO: Detected dialect: W3C
]]></system-err>
  </testcase>
</testsuite>