<?xml version="1.0" encoding="UTF-8"?>
<!-- Generated by org.testng.reporters.JUnitReportReporter -->
<testsuite skipped="0" hostname="Nisrin-Kapasi’s-MacBook-Pro" name="practice.AppiumFramework.APIDemo" tests="2" failures="0" timestamp="2021-02-15T22:01:48 EST" time="45.292" errors="0">
  <testcase name="apiDemo" time="22.746" classname="practice.AppiumFramework.APIDemo"/>
  <system-out/>
  <testcase name="apiDemo" time="22.546" classname="practice.AppiumFramework.APIDemo"/>
  <system-out/>
</testsuite> <!-- practice.AppiumFramework.APIDemo -->
